<?xml version="1.0" encoding="UTF-8"?>
<testng-results skipped="0" failed="0" total="1" passed="1">
  <reporter-output>
  </reporter-output>
  <suite name="Default suite" duration-ms="60218" started-at="2020-06-19T17:08:28Z" finished-at="2020-06-19T17:09:28Z">
    <groups>
    </groups>
    <test name="Default test" duration-ms="60218" started-at="2020-06-19T17:08:28Z" finished-at="2020-06-19T17:09:28Z">
      <class name="com.TestCase.OrangeLogin_Testcase">
        <test-method status="PASS" signature="launchapp()[pri:0, instance:com.TestCase.OrangeLogin_Testcase@18be83e4]" name="launchapp" is-config="true" duration-ms="33327" started-at="2020-06-19T22:38:28Z" finished-at="2020-06-19T22:39:01Z">
          <reporter-output>
          </reporter-output>
        </test-method> <!-- launchapp -->
        <test-method status="PASS" signature="signup()[pri:0, instance:com.TestCase.OrangeLogin_Testcase@18be83e4]" name="signup" duration-ms="26301" started-at="2020-06-19T22:39:01Z" finished-at="2020-06-19T22:39:28Z">
          <reporter-output>
          </reporter-output>
        </test-method> <!-- signup -->
        <test-method status="PASS" signature="close()[pri:0, instance:com.TestCase.OrangeLogin_Testcase@18be83e4]" name="close" is-config="true" duration-ms="530" started-at="2020-06-19T22:39:28Z" finished-at="2020-06-19T22:39:28Z">
          <reporter-output>
          </reporter-output>
        </test-method> <!-- close -->
      </class> <!-- com.TestCase.OrangeLogin_Testcase -->
    </test> <!-- Default test -->
  </suite> <!-- Default suite -->
</testng-results>
